Compiler   : BASCOM 8051 LIBRARY V 2.14
Processor  : 80515C
Report     : HELLO
Date       : 03-21-2022
Time       : 18:52:23

Baud Timer : Internal baudrate generator
Baudrate   : 2400
Frequency  : 11059200
Clock div. : 6
ROM start  : &H0
RAM start  : &H0
LCD mode   : 4-bit
StackStart : &H21
Used ROM   : &HFE     254 (dec)  > Ok

--------------------------------------------------------------------------------
Variable                         Type            Address(hex)   Address(dec)
--------------------------------------------------------------------------------

ERR                              Bit               20.4





CONSTANTS
--------------------------------------------------------------------------------
Constant                         Value
--------------------------------------------------------------------------------
_BUILDVERSION                    213

