Compiler   : BASCOM 8051 LIBRARY V 2.14
Processor  : 80515C
Report     : I2CMGR1
Date       : 05-04-2022
Time       : 16:42:35

Baud Timer : Internal baudrate generator
Baudrate   : 0
Frequency  : 24000000
Clock div. : 6
ROM start  : &H0
RAM start  : &H0
LCD mode   : 4-bit
StackStart : &H39
Used ROM   : &H2E9     745 (dec)  > Ok

--------------------------------------------------------------------------------
Variable                         Type            Address(hex)   Address(dec)
--------------------------------------------------------------------------------

ERR                              Bit               20.4


COMMAND                          Byte              0021          33 
SLAVE                            Byte              0022          34 
BUF                              Byte (16)         0023          35 
CHAR                             Byte              0033          51 
ADDR_SIZE                        Byte              0034          52 
ADDR_HI                          Byte              0035          53 
ADDR_LO                          Byte              0036          54 
NUM_BYTES                        Byte              0037          55 
I                                Byte              0038          56 





CONSTANTS
--------------------------------------------------------------------------------
Constant                         Value
--------------------------------------------------------------------------------
_BUILDVERSION                    213
CMD_SYNC                         0
CMD_WRITE                        1
CMD_READ                         2
CMD_READ_RAND                    3
ACK                              8
NACK                             9

