Compiler   : BASCOM 8051 LIBRARY V 2.14
Processor  : 80515C
Report     : I2CMGR1
Date       : 04-05-2022
Time       : 21:16:55

Baud Timer : Internal baudrate generator
Baudrate   : 0
Frequency  : 24000000
Clock div. : 6
ROM start  : &H0
RAM start  : &H0
LCD mode   : 4-bit
StackStart : &H22
Used ROM   : &H275     629 (dec)  > Ok

--------------------------------------------------------------------------------
Variable                         Type            Address(hex)   Address(dec)
--------------------------------------------------------------------------------

ERR                              Bit               20.4


BUS                              Byte              0021          33 





CONSTANTS
--------------------------------------------------------------------------------
Constant                         Value
--------------------------------------------------------------------------------
_BUILDVERSION                    213
RTCWR                             208
RTCRD                             209
CWORD                             7
ACK                              8
NACK                             9
I2C_STOP_CMD                     0
I2C_START_CMD                    1
I2C_WRITE_CMD                    2
I2C_READACK_CMD                  3
I2C_READNAK_CMD                  4

