Compiler   : BASCOM 8051 LIBRARY V 2.14
Processor  : 80515C
Report     : I2CMGR1
Date       : 04-25-2022
Time       : 20:19:55

Baud Timer : Internal baudrate generator
Baudrate   : 0
Frequency  : 24000000
Clock div. : 6
ROM start  : &H0
RAM start  : &H0
LCD mode   : 4-bit
StackStart : &H39
Used ROM   : &H3F9     1017 (dec)  > Ok

--------------------------------------------------------------------------------
Variable                         Type            Address(hex)   Address(dec)
--------------------------------------------------------------------------------

ERR                              Bit               20.4


BUF                              Byte (19)         0021          33 
PORT                             Byte              0034          52 
ADDR_SIZE                        Byte              0035          53 
NUM_BYTES                        Byte              0036          54 
I                                Byte              0037          55 
J                                Byte              0038          56 





CONSTANTS
--------------------------------------------------------------------------------
Constant                         Value
--------------------------------------------------------------------------------
_BUILDVERSION                    213
CMD_WRITE                        1
CMD_READ                         2
CMD_READ_RAND                    3
ACK                              8
NACK                             9

