0001   0000             ;==================================================================================
0002   0000             ; Contents of this file are copyright Grant Searle
0003   0000             ;
0004   0000             ; You have permission to use this for NON COMMERCIAL USE ONLY
0005   0000             ; If you wish to use it elsewhere, please include an acknowledgement to myself.
0006   0000             ;
0007   0000             ; http://searle.hostei.com/grant/index.html
0008   0000             ;
0009   0000             ; eMail: home.micros01@btinternet.com
0010   0000             ;
0011   0000             ; If the above don't work, please perform an Internet search to see if I have
0012   0000             ; updated the web page hosting service.
0013   0000             ;
0014   0000             ; Customized by Kaltchuk for use with Z80 Modular Computer, june/2022
0015   0000             ;
0016   0000             ;==================================================================================
0017   0000             BIOS			.EQU	0E620H
0018   0000             WBOOT			.EQU	+03H		; Entry point for  function WBOOT
0019   0000             CONST			.EQU	+06H		; Entry point for  function CONST
0020   0000             CONIN			.EQU	+09H		; Entry point for  function CONIN
0021   0000             CONOUT			.EQU	+0CH		; Entry point for  function CONOUT
0022   0000             
0023   0000             loadAddr		.EQU	0D000h
0024   0000             numSecs			.EQU	24	; Number of 512 sectors to be loaded
0025   0000             
0026   0000             ; FLASH card stuff
0027   0000             FLASH_ADDR		.EQU	0B0H			; Base I/O address for compact flash card
0028   0000             ; CF registers
0029   0000             CF_DATA			.EQU	(FLASH_ADDR+0)	; R/W
0030   0000             CF_FEATURES		.EQU	(FLASH_ADDR+1)	; W
0031   0000             CF_ERROR		.EQU	(FLASH_ADDR+1)	; R
0032   0000             CF_SECCOUNT		.EQU	(FLASH_ADDR+2)	; W
0033   0000             
0034   0000             CF_SECTOR		.EQU	(FLASH_ADDR+3)	; W
0035   0000             CF_CYL_LOW		.EQU	(FLASH_ADDR+4)	; W
0036   0000             CF_CYL_HI		.EQU	(FLASH_ADDR+5)	; W
0037   0000             CF_HEAD			.EQU	(FLASH_ADDR+6)	; W
0038   0000             
0039   0000             CF_LBA0			.EQU	(FLASH_ADDR+3)	; W
0040   0000             CF_LBA1			.EQU	(FLASH_ADDR+4)	; W
0041   0000             CF_LBA2			.EQU	(FLASH_ADDR+5)	; W
0042   0000             CF_LBA3			.EQU	(FLASH_ADDR+6)	; W
0043   0000             
0044   0000             CF_STATUS		.EQU	(FLASH_ADDR+7)	; R
0045   0000             CF_COMMAND		.EQU	(FLASH_ADDR+7)	; W
0046   0000             
0047   0000             ;CF Features
0048   0000             CF_8BIT			.EQU	1
0049   0000             CF_NOCACHE		.EQU	082H
0050   0000             ;CF Commands
0051   0000             CF_READ_SEC		.EQU	020H
0052   0000             CF_WRITE_SEC	.EQU	030H
0053   0000             CF_SET_FEAT		.EQU 	0EFH
0054   0000             
0055   0000             LF				.EQU	0AH		;line feed
0056   0000             FF				.EQU	0CH		;form feed
0057   0000             CR				.EQU	0DH		;carriage RETurn
0058   0000             
0059   0000             ;================================================================================================
0060   0000             
0061   0000             		.ORG	0
0062   0000             
0063   0000 CD 76 00    		CALL	cfWait
0064   0003 3E 01       		LD 	A,CF_8BIT	; Set IDE to be 8bit
0065   0005 D3 B1       		OUT	(CF_FEATURES),A
0066   0007 3E EF       		LD	A,CF_SET_FEAT
0067   0009 D3 B7       		OUT	(CF_COMMAND),A
0068   000B             
0069   000B             
0070   000B CD 76 00    		CALL	cfWait
0071   000E 3E 82       		LD 	A,CF_NOCACHE	; No write cache
0072   0010 D3 B1       		OUT	(CF_FEATURES),A
0073   0012 3E EF       		LD	A,CF_SET_FEAT
0074   0014 D3 B7       		OUT	(CF_COMMAND),A
0075   0016             
0076   0016 06 18       		LD	B,numSecs
0077   0018             
0078   0018 3E 00       		LD	A,0
0079   001A 32 00 40    		LD	(secNo),A
0080   001D 21 00 D0    		LD	HL,loadAddr
0081   0020 22 01 40    		LD	(dmaAddr),HL
0082   0023             processSectors:
0083   0023             
0084   0023 CD 76 00    		CALL	cfWait
0085   0026             
0086   0026 3A 00 40    		LD	A,(secNo)
0087   0029 D3 B3       		OUT 	(CF_LBA0),A
0088   002B 3E 00       		LD	A,0
0089   002D D3 B4       		OUT 	(CF_LBA1),A
0090   002F D3 B5       		OUT 	(CF_LBA2),A
0091   0031 3E E0       		LD	a,0E0H
0092   0033 D3 B6       		OUT 	(CF_LBA3),A
0093   0035 3E 01       		LD 	A,1
0094   0037 D3 B2       		OUT 	(CF_SECCOUNT),A
0095   0039             
0096   0039 CD 52 00    		call	read
0097   003C             
0098   003C 11 00 02    		LD	DE,0200H
0099   003F 2A 01 40    		LD	HL,(dmaAddr)
0100   0042 19          		ADD	HL,DE
0101   0043 22 01 40    		LD	(dmaAddr),HL
0102   0046 3A 00 40    		LD	A,(secNo)
0103   0049 3C          		INC	A
0104   004A 32 00 40    		LD	(secNo),A
0105   004D             
0106   004D 10 D4       		djnz	processSectors
0107   004F             
0108   004F             
0109   004F C3 20 E6    		jp	BIOS
0110   0052             
0111   0052             ;------------------------------------------------------------------------------
0112   0052             ; Read physical sector from host
0113   0052             
0114   0052             read:
0115   0052 F5          		PUSH 	AF
0116   0053 C5          		PUSH 	BC
0117   0054 E5          		PUSH 	HL
0118   0055             
0119   0055 CD 76 00    		CALL 	cfWait
0120   0058             
0121   0058 3E 20       		LD 	A,CF_READ_SEC
0122   005A D3 B7       		OUT 	(CF_COMMAND),A
0123   005C             
0124   005C CD 76 00    		CALL 	cfWait
0125   005F             
0126   005F 0E 04       		LD 	c,4
0127   0061 2A 01 40    		LD 	HL,(dmaAddr)
0128   0064             rd4secs:
0129   0064 06 80       		LD 	b,128
0130   0066             rdByte:
0131   0066 00          		nop
0132   0067 00          		nop
0133   0068 DB B0       		in 	A,(CF_DATA)
0134   006A 77          		LD 	(HL),A
0135   006B 23          		iNC 	HL
0136   006C 05          		dec 	b
0137   006D 20 F7       		JR 	NZ, rdByte
0138   006F 0D          		dec 	c
0139   0070 20 F2       		JR 	NZ,rd4secs
0140   0072             
0141   0072 E1          		POP 	HL
0142   0073 C1          		POP 	BC
0143   0074 F1          		POP 	AF
0144   0075             
0145   0075 C9          		RET
0146   0076             
0147   0076             
0148   0076             ; Wait for disk to be ready (busy=0,ready=1)
0149   0076             cfWait:
0150   0076 F5          		PUSH 	AF
0151   0077             cfWait1:
0152   0077 DB B7       		in 	A,(CF_STATUS)
0153   0079 E6 80       		AND 	080H
0154   007B FE 80       		cp 	080H
0155   007D 28 F8       		JR	Z,cfWait1
0156   007F F1          		POP 	AF
0157   0080 C9          		RET
0158   0081             
0159   0081             ;------------------------------------------------------------------------------
0160   4000             		.ORG	4000H
0161   4000             
0162   4000             secNo		.ds	1
0163   4001             dmaAddr		.ds	2
0164   4003             
0165   4003             		.END
tasm: Number of errors = 0
