C51 COMPILER V9.60.0.0   I2C_MANAGER                                                       06/25/2022 06:37:17 PAGE 1   


C51 COMPILER V9.60.0.0, COMPILATION OF MODULE I2C_MANAGER
OBJECT MODULE PLACED IN .\Objects\i2c_manager.obj
COMPILER INVOKED BY: C:\Keil_v5\C51\BIN\C51.EXE i2c_manager.c OPTIMIZE(8,SPEED) BROWSE DEBUG OBJECTEXTEND PRINT(.\Listin
                    -gs\i2c_manager.lst) TABS(2) OBJECT(.\Objects\i2c_manager.obj)

line level    source

   1          // i2c_manager.c - Manager for I2C Card.
   2          // By Kaltchuk, 15/05/22.
   3          
   4          
   5          #include "i2c.h"
   6          
   7          #define Write       0
   8          #define Read        1
   9          #define ReadRandom  2
  10          #define Null        0xff
  11          #define SlaveWrite  (Slave << 1)
  12          #define SlaveRead   SlaveWrite | 1
  13          
  14          /*------------------------------------------------
  15          Functions
  16          ------------------------------------------------*/
  17          void free_wait(void) {
  18   1        _release = 0;
  19   1        _release = 1;
  20   1      }
  21          
  22          unsigned char get_command(void) {
  23   1        unsigned char Command=Null;
  24   1        
  25   1        while (Command == Null) {
  26   2          if (_CS == 0 && _WR == 0 && _A00 == 1) {
  27   3            P1 = 0xff;
  28   3            Command = P1;
  29   3            free_wait();
  30   3          }
  31   2          if (Command > ReadRandom)
  32   2            Command = Null;
  33   2        }
  34   1        return Command;
  35   1      }
  36          unsigned char get_data(void) {
  37   1        unsigned char Data;
  38   1        
  39   1        while (1) {
  40   2          if (_CS == 0 && _WR == 0 && _A00 == 0) {
  41   3            P1 = 0xff;
  42   3            Data = P1;
  43   3            free_wait();
  44   3            return Data;
  45   3          }
  46   2        }
  47   1      }
  48          void put_data(unsigned char Data) {
  49   1        while (1) {
  50   2          if ( _CS == 0 && _WR == 1 && _A00 == 0) {
  51   3            P1 = Data;
  52   3            free_wait();
  53   3            return;
  54   3          }
C51 COMPILER V9.60.0.0   I2C_MANAGER                                                       06/25/2022 06:37:17 PAGE 2   

  55   2        }
  56   1      }
  57          
  58          /*------------------------------------------------
  59          MAIN C Function
  60          ------------------------------------------------*/
  61          void main (void) {
  62   1        free_wait();
  63   1        
  64   1        while (1) {
  65   2          unsigned char Command, Slave, AddrSize, AddrLo, AddrHi, NumBytes;
  66   2          unsigned char i, buf[16];
  67   2      
  68   2          Command = get_command();
  69   2          if (Command <= ReadRandom) {
  70   3            Slave = get_data();
  71   3            
  72   3            if (Command == Write || Command == ReadRandom) {
  73   4              AddrSize = get_data();
  74   4              if (AddrSize == 2)
  75   4                AddrHi = get_data();
  76   4              AddrLo = get_data();
  77   4            }
  78   3            NumBytes = get_data();
  79   3            
  80   3            if (Command == Write) {
  81   4              for (i=0; i<NumBytes; i++) {
  82   5                buf[i] = get_data();
  83   5              }
  84   4              I2C_start();
  85   4              I2C_write(SlaveWrite);
  86   4              if (AddrSize == 2)
  87   4                I2C_write(AddrHi);
  88   4              I2C_write(AddrLo);
  89   4              for (i=0; i<NumBytes; i++) {
  90   5                I2C_write(buf[i]);
  91   5              }
  92   4              I2C_stop();
  93   4            } else {
  94   4              if (Command == ReadRandom) {
  95   5                I2C_start();
  96   5                I2C_write(SlaveWrite);
  97   5                if (AddrSize == 2)
  98   5                  I2C_write(AddrHi);
  99   5                I2C_write(AddrLo);
 100   5                I2C_stop();
 101   5              }
 102   4              I2C_start();
 103   4              I2C_write(SlaveRead);
 104   4              for (i=0; i<NumBytes; i++) {
 105   5                if (i == NumBytes-1)
 106   5                  buf[i] = I2C_read(NAK);
 107   5                else
 108   5                  buf[i] = I2C_read(ACK);
 109   5              }
 110   4              I2C_stop();
 111   4              
 112   4              for (i=0; i<NumBytes; i++) {
 113   5                put_data(buf[i]);
 114   5              }
 115   4            }
 116   3          }
C51 COMPILER V9.60.0.0   I2C_MANAGER                                                       06/25/2022 06:37:17 PAGE 3   

 117   2        }
 118   1      }


MODULE INFORMATION:   STATIC OVERLAYABLE
   CODE SIZE        =    478    ----
   CONSTANT SIZE    =   ----    ----
   XDATA SIZE       =   ----    ----
   PDATA SIZE       =   ----    ----
   DATA SIZE        =   ----      23
   IDATA SIZE       =   ----    ----
   BIT SIZE         =   ----    ----
END OF MODULE INFORMATION.


C51 COMPILATION COMPLETE.  0 WARNING(S),  0 ERROR(S)
