C51 COMPILER V9.60.0.0   I2C_MANAGER_2                                                     05/20/2022 10:27:51 PAGE 1   


C51 COMPILER V9.60.0.0, COMPILATION OF MODULE I2C_MANAGER_2
OBJECT MODULE PLACED IN .\Objects\i2c_manager_2.obj
COMPILER INVOKED BY: C:\Keil_v5\C51\BIN\C51.EXE i2c_manager_2.c OPTIMIZE(8,SPEED) BROWSE DEBUG OBJECTEXTEND PRINT(.\List
                    -ings\i2c_manager_2.lst) TABS(2) OBJECT(.\Objects\i2c_manager_2.obj)

line level    source

   1          // i2c_manager.c - Manager for I2C Card.
   2          // By Kaltchuk, 15/05/22.
   3          
   4          
   5          #include "i2c.h"
   6          
   7          #define Write       0
   8          #define Read        1
   9          #define ReadRandom  2
  10          #define Scan        3
  11          #define Null        0xff
  12          #define SlaveWrite  (Slave << 1)
  13          #define SlaveRead   SlaveWrite | 1
  14          
  15          /*------------------------------------------------
  16          Functions
  17          ------------------------------------------------*/
  18          void free_wait(void) {
  19   1        _release = 0;
  20   1        _release = 1;
  21   1      }
  22          
  23          unsigned char get_command(void) {
  24   1        unsigned char Command=Null;
  25   1        
  26   1        while (Command == Null) {
  27   2          if (_CS == 0 && _WR == 0 && _A00 == 1) {
  28   3            P1 = 0xff;
  29   3            Command = P1;
  30   3            free_wait();
  31   3          }
  32   2          if (Command > ReadRandom)
  33   2            Command = Null;
  34   2        }
  35   1        return Command;
  36   1      }
  37          unsigned char get_data(void) {
  38   1        unsigned char Data;
  39   1        
  40   1        while (1) {
  41   2          if (_CS == 0 && _WR == 0 && _A00 == 0) {
  42   3            P1 = 0xff;
  43   3            Data = P1;
  44   3            free_wait();
  45   3            return Data;
  46   3          }
  47   2        }
  48   1      }
  49          void put_data(unsigned char Data) {
  50   1        while (1) {
  51   2          if ( _CS == 0 && _WR == 1 && _A00 == 0) {
  52   3            P1 = Data;
  53   3            free_wait();
  54   3            return;
C51 COMPILER V9.60.0.0   I2C_MANAGER_2                                                     05/20/2022 10:27:51 PAGE 2   

  55   3          }
  56   2        }
  57   1      }
  58          
  59          void scan(void) {
  60   1      
  61   1      }
  62          
  63          /*------------------------------------------------
  64          MAIN C Function
  65          ------------------------------------------------*/
  66          void main (void) {
  67   1        free_wait();
  68   1        
  69   1        while (1) {
  70   2          unsigned char Command, Slave, AddrSize, AddrLo, AddrHi, NumBytes;
  71   2          unsigned char i, buf[16];
  72   2      
  73   2          Command = get_command();
  74   2          switch (Command) {
  75   3            case Write:
  76   3            case Read:
  77   3            case ReadRandom:
  78   3              Slave = get_data();
  79   3                
  80   3              if (Command == Write || Command == ReadRandom) {
  81   4                AddrSize = get_data();
  82   4                if (AddrSize == 2)
  83   4                  AddrHi = get_data();
  84   4                AddrLo = get_data();
  85   4              }
  86   3              NumBytes = get_data();
  87   3                
  88   3              if (Command == Write) {
  89   4                for (i=0; i<NumBytes; i++) {
  90   5                  buf[i] = get_data();
  91   5                }
  92   4                I2C_start();
  93   4                I2C_write(SlaveWrite);
  94   4                if (AddrSize == 2)
  95   4                  I2C_write(AddrHi);
  96   4                I2C_write(AddrLo);
  97   4                for (i=0; i<NumBytes; i++) {
  98   5                  I2C_write(buf[i]);
  99   5                }
 100   4                I2C_stop();
 101   4              } else {
 102   4                if (Command == ReadRandom) {
 103   5                  I2C_start();
 104   5                  I2C_write(SlaveWrite);
 105   5                  if (AddrSize == 2)
 106   5                    I2C_write(AddrHi);
 107   5                  I2C_write(AddrLo);
 108   5                  I2C_stop();
 109   5                }
 110   4                I2C_start();
 111   4                I2C_write(SlaveRead);
 112   4                for (i=0; i<NumBytes; i++) {
 113   5                  if (i == NumBytes-1)
 114   5                    buf[i] = I2C_read(NAK);
 115   5                  else
 116   5                    buf[i] = I2C_read(ACK);
C51 COMPILER V9.60.0.0   I2C_MANAGER_2                                                     05/20/2022 10:27:51 PAGE 3   

 117   5                }
 118   4                I2C_stop();
 119   4                
 120   4                for (i=0; i<NumBytes; i++) {
 121   5                  put_data(buf[i]);
 122   5                }
 123   4              }
 124   3              break;
 125   3            case Scan:
 126   3              scan();
 127   3              break;
 128   3            default:
 129   3          }
*** ERROR C141 IN LINE 129 OF i2c_manager_2.c: syntax error near '}', expected '__asm'
 130   2        }
 131   1      }

C51 COMPILATION COMPLETE.  0 WARNING(S),  1 ERROR(S)
